<?xml version="1.0" encoding="UTF-8"?>
<coverage generated="1504205927554" clover="3.2.0">
  <project timestamp="1504205927555" name="All files">
    <metrics statements="30" coveredstatements="30" conditionals="17" coveredconditionals="17" methods="7" coveredmethods="7" elements="54" coveredelements="54" complexity="0" loc="30" ncloc="30" packages="1" files="2" classes="2">
      <file name="mockData.js" path="/Users/zord/Development/ValueProxy/src/mockData.js">
        <metrics statements="1" coveredstatements="1" conditionals="0" coveredconditionals="0" methods="0" coveredmethods="0"/>
        <line num="1" count="1" type="stmt"/>
      </file>
      <file name="valueProxy.js" path="/Users/zord/Development/ValueProxy/src/valueProxy.js">
        <metrics statements="29" coveredstatements="29" conditionals="17" coveredconditionals="17" methods="7" coveredmethods="7"/>
        <line num="5" count="40" type="stmt"/>
        <line num="6" count="40" type="stmt"/>
        <line num="7" count="40" type="stmt"/>
        <line num="9" count="40" type="stmt"/>
        <line num="12" count="26" type="cond" truecount="2" falsecount="0"/>
        <line num="21" count="26" type="stmt"/>
        <line num="24" count="40" type="stmt"/>
        <line num="25" count="3" type="stmt"/>
        <line num="28" count="3" type="stmt"/>
        <line num="29" count="3" type="stmt"/>
        <line num="30" count="3" type="stmt"/>
        <line num="34" count="2" type="stmt"/>
        <line num="35" count="2" type="stmt"/>
        <line num="36" count="2" type="cond" truecount="2" falsecount="0"/>
        <line num="37" count="1" type="stmt"/>
        <line num="38" count="1" type="stmt"/>
        <line num="40" count="2" type="stmt"/>
        <line num="41" count="2" type="stmt"/>
        <line num="42" count="2" type="stmt"/>
        <line num="46" count="1" type="stmt"/>
        <line num="47" count="1" type="stmt"/>
        <line num="50" count="157" type="cond" truecount="4" falsecount="0"/>
        <line num="51" count="132" type="stmt"/>
        <line num="54" count="25" type="cond" truecount="2" falsecount="0"/>
        <line num="55" count="2" type="stmt"/>
        <line num="58" count="23" type="cond" truecount="2" falsecount="0"/>
        <line num="61" count="23" type="cond" truecount="2" falsecount="0"/>
        <line num="64" count="23" type="stmt"/>
        <line num="67" count="40" type="stmt"/>
      </file>
    </metrics>
  </project>
</coverage>
