{"/Users/zord/Development/ValueProxy/src/mockData.js": {"path":"/Users/zord/Development/ValueProxy/src/mockData.js","statementMap":{"0":{"start":{"line":1,"column":24},"end":{"line":18,"column":1}}},"fnMap":{},"branchMap":{},"s":{"0":1},"f":{},"b":{},"_coverageSchema":"332fd63041d2c1bcb487cc26dd0d5f7d97098a6c","hash":"8265563aff90e792cd6e199e1633f21c9e56cf63"}
,"/Users/zord/Development/ValueProxy/src/valueProxy.js": {"path":"/Users/zord/Development/ValueProxy/src/valueProxy.js","statementMap":{"0":{"start":{"line":5,"column":5},"end":{"line":5,"column":25}},"1":{"start":{"line":6,"column":8},"end":{"line":6,"column":26}},"2":{"start":{"line":7,"column":8},"end":{"line":7,"column":28}},"3":{"start":{"line":9,"column":8},"end":{"line":9,"column":63}},"4":{"start":{"line":12,"column":26},"end":{"line":20,"column":9}},"5":{"start":{"line":21,"column":8},"end":{"line":21,"column":58}},"6":{"start":{"line":24,"column":8},"end":{"line":31,"column":10}},"7":{"start":{"line":25,"column":36},"end":{"line":27,"column":73}},"8":{"start":{"line":28,"column":28},"end":{"line":28,"column":52}},"9":{"start":{"line":29,"column":27},"end":{"line":29,"column":87}},"10":{"start":{"line":30,"column":12},"end":{"line":30,"column":56}},"11":{"start":{"line":34,"column":19},"end":{"line":34,"column":30}},"12":{"start":{"line":35,"column":5},"end":{"line":35,"column":43}},"13":{"start":{"line":36,"column":8},"end":{"line":39,"column":9}},"14":{"start":{"line":37,"column":12},"end":{"line":37,"column":62}},"15":{"start":{"line":38,"column":12},"end":{"line":38,"column":99}},"16":{"start":{"line":40,"column":8},"end":{"line":40,"column":29}},"17":{"start":{"line":41,"column":8},"end":{"line":41,"column":24}},"18":{"start":{"line":42,"column":8},"end":{"line":42,"column":20}},"19":{"start":{"line":46,"column":26},"end":{"line":68,"column":4}},"20":{"start":{"line":47,"column":20},"end":{"line":66,"column":5}},"21":{"start":{"line":50,"column":12},"end":{"line":52,"column":13}},"22":{"start":{"line":51,"column":13},"end":{"line":51,"column":43}},"23":{"start":{"line":54,"column":12},"end":{"line":56,"column":13}},"24":{"start":{"line":55,"column":16},"end":{"line":55,"column":23}},"25":{"start":{"line":58,"column":30},"end":{"line":60,"column":31}},"26":{"start":{"line":61,"column":27},"end":{"line":63,"column":49}},"27":{"start":{"line":64,"column":12},"end":{"line":64,"column":55}},"28":{"start":{"line":67,"column":4},"end":{"line":67,"column":91}},"29":{"start":{"line":67,"column":36},"end":{"line":67,"column":90}}},"fnMap":{"0":{"name":"(anonymous_0)","decl":{"start":{"line":4,"column":1},"end":{"line":4,"column":2}},"loc":{"start":{"line":4,"column":42},"end":{"line":10,"column":5}},"line":4},"1":{"name":"(anonymous_1)","decl":{"start":{"line":11,"column":4},"end":{"line":11,"column":5}},"loc":{"start":{"line":11,"column":36},"end":{"line":22,"column":5}},"line":11},"2":{"name":"(anonymous_2)","decl":{"start":{"line":23,"column":4},"end":{"line":23,"column":5}},"loc":{"start":{"line":23,"column":54},"end":{"line":32,"column":5}},"line":23},"3":{"name":"(anonymous_3)","decl":{"start":{"line":24,"column":15},"end":{"line":24,"column":16}},"loc":{"start":{"line":24,"column":30},"end":{"line":31,"column":9}},"line":24},"4":{"name":"(anonymous_4)","decl":{"start":{"line":33,"column":4},"end":{"line":33,"column":5}},"loc":{"start":{"line":33,"column":11},"end":{"line":43,"column":5}},"line":33},"5":{"name":"(anonymous_5)","decl":{"start":{"line":46,"column":27},"end":{"line":46,"column":28}},"loc":{"start":{"line":46,"column":33},"end":{"line":68,"column":1}},"line":46},"6":{"name":"(anonymous_6)","decl":{"start":{"line":67,"column":11},"end":{"line":67,"column":12}},"loc":{"start":{"line":67,"column":36},"end":{"line":67,"column":90}},"line":67}},"branchMap":{"0":{"loc":{"start":{"line":4,"column":20},"end":{"line":4,"column":33}},"type":"default-arg","locations":[{"start":{"line":4,"column":27},"end":{"line":4,"column":33}}],"line":4},"1":{"loc":{"start":{"line":12,"column":26},"end":{"line":20,"column":9}},"type":"binary-expr","locations":[{"start":{"line":12,"column":26},"end":{"line":12,"column":37}},{"start":{"line":13,"column":12},"end":{"line":19,"column":23}}],"line":12},"2":{"loc":{"start":{"line":13,"column":12},"end":{"line":19,"column":23}},"type":"cond-expr","locations":[{"start":{"line":14,"column":14},"end":{"line":18,"column":13}},{"start":{"line":19,"column":14},"end":{"line":19,"column":23}}],"line":13},"3":{"loc":{"start":{"line":36,"column":8},"end":{"line":39,"column":9}},"type":"if","locations":[{"start":{"line":36,"column":8},"end":{"line":39,"column":9}},{"start":{"line":36,"column":8},"end":{"line":39,"column":9}}],"line":36},"4":{"loc":{"start":{"line":50,"column":12},"end":{"line":52,"column":13}},"type":"if","locations":[{"start":{"line":50,"column":12},"end":{"line":52,"column":13}},{"start":{"line":50,"column":12},"end":{"line":52,"column":13}}],"line":50},"5":{"loc":{"start":{"line":50,"column":16},"end":{"line":50,"column":64}},"type":"binary-expr","locations":[{"start":{"line":50,"column":16},"end":{"line":50,"column":40}},{"start":{"line":50,"column":44},"end":{"line":50,"column":64}}],"line":50},"6":{"loc":{"start":{"line":54,"column":12},"end":{"line":56,"column":13}},"type":"if","locations":[{"start":{"line":54,"column":12},"end":{"line":56,"column":13}},{"start":{"line":54,"column":12},"end":{"line":56,"column":13}}],"line":54},"7":{"loc":{"start":{"line":58,"column":30},"end":{"line":60,"column":31}},"type":"cond-expr","locations":[{"start":{"line":59,"column":22},"end":{"line":59,"column":56}},{"start":{"line":60,"column":22},"end":{"line":60,"column":31}}],"line":58},"8":{"loc":{"start":{"line":61,"column":27},"end":{"line":63,"column":49}},"type":"cond-expr","locations":[{"start":{"line":62,"column":19},"end":{"line":62,"column":47}},{"start":{"line":63,"column":22},"end":{"line":63,"column":49}}],"line":61}},"s":{"0":40,"1":40,"2":40,"3":40,"4":26,"5":26,"6":40,"7":3,"8":3,"9":3,"10":3,"11":2,"12":2,"13":2,"14":1,"15":1,"16":2,"17":2,"18":2,"19":1,"20":1,"21":157,"22":132,"23":25,"24":2,"25":23,"26":23,"27":23,"28":1,"29":40},"f":{"0":40,"1":26,"2":40,"3":3,"4":2,"5":1,"6":40},"b":{"0":[14],"1":[26,23],"2":[7,16],"3":[1,1],"4":[132,25],"5":[157,157],"6":[2,23],"7":[21,2],"8":[4,19]},"_coverageSchema":"332fd63041d2c1bcb487cc26dd0d5f7d97098a6c","hash":"225f0d33398c5f7e90ee0c6e96537d05d5cc31bb"}
}
