TN:
SF:/Users/zord/Development/ValueProxy/src/mockData.js
FNF:0
FNH:0
DA:1,1
LF:1
LH:1
BRF:0
BRH:0
end_of_record
TN:
SF:/Users/zord/Development/ValueProxy/src/valueProxy.js
FN:4,(anonymous_0)
FN:11,(anonymous_1)
FN:23,(anonymous_2)
FN:24,(anonymous_3)
FN:33,(anonymous_4)
FN:46,(anonymous_5)
FN:67,(anonymous_6)
FNF:7
FNH:7
FNDA:40,(anonymous_0)
FNDA:26,(anonymous_1)
FNDA:40,(anonymous_2)
FNDA:3,(anonymous_3)
FNDA:2,(anonymous_4)
FNDA:1,(anonymous_5)
FNDA:40,(anonymous_6)
DA:5,40
DA:6,40
DA:7,40
DA:9,40
DA:12,26
DA:21,26
DA:24,40
DA:25,3
DA:28,3
DA:29,3
DA:30,3
DA:34,2
DA:35,2
DA:36,2
DA:37,1
DA:38,1
DA:40,2
DA:41,2
DA:42,2
DA:46,1
DA:47,1
DA:50,157
DA:51,132
DA:54,25
DA:55,2
DA:58,23
DA:61,23
DA:64,23
DA:67,40
LF:29
LH:29
BRDA:4,0,0,14
BRDA:12,1,0,26
BRDA:12,1,1,23
BRDA:13,2,0,7
BRDA:13,2,1,16
BRDA:36,3,0,1
BRDA:36,3,1,1
BRDA:50,4,0,132
BRDA:50,4,1,25
BRDA:50,5,0,157
BRDA:50,5,1,157
BRDA:54,6,0,2
BRDA:54,6,1,23
BRDA:58,7,0,21
BRDA:58,7,1,2
BRDA:61,8,0,4
BRDA:61,8,1,19
BRF:17
BRH:17
end_of_record
